2023-10-23 10:24:52.776 [info] Log level: Info
2023-10-23 10:24:52.776 [info] Validating found git in: "git"
2023-10-23 10:24:52.776 [info] Using git "2.40.1" from "git"
2023-10-23 10:24:52.776 [info] > git rev-parse --show-toplevel [15ms]
2023-10-23 10:24:52.776 [info] fatal: not a git repository (or any of the parent directories): .git
2023-10-23 10:24:52.776 [info] > git rev-parse --show-toplevel [1ms]
2023-10-23 10:24:52.776 [info] fatal: not a git repository (or any of the parent directories): .git
2023-10-23 10:38:31.477 [info] > git rev-parse --show-toplevel [2ms]
2023-10-23 10:38:31.477 [info] fatal: not a git repository (or any of the parent directories): .git
2023-10-23 10:39:06.621 [info] > git rev-parse --show-toplevel [2ms]
2023-10-23 10:39:06.621 [info] fatal: not a git repository (or any of the parent directories): .git
2023-10-23 10:49:25.008 [info] > git rev-parse --show-toplevel [1ms]
2023-10-23 10:49:25.008 [info] fatal: not a git repository (or any of the parent directories): .git
2023-10-23 10:50:41.221 [info] > git rev-parse --show-toplevel [1ms]
2023-10-23 10:50:41.221 [info] fatal: not a git repository (or any of the parent directories): .git
2023-10-23 10:51:01.630 [info] > git rev-parse --show-toplevel [2ms]
2023-10-23 10:51:01.640 [info] > git rev-parse --git-dir --git-common-dir [0ms]
2023-10-23 10:51:01.656 [info] Open repository: /home/s221516
2023-10-23 10:51:01.676 [info] > git config --get commit.template [9ms]
2023-10-23 10:51:01.677 [info] No remotes found in the git config file.
2023-10-23 10:51:01.678 [info] > git for-each-ref --format=%(refname)%00%(upstream:short)%00%(objectname)%00%(upstream:track)%00%(upstream:remotename)%00%(upstream:remoteref) refs/heads/master refs/remotes/master [3ms]
2023-10-23 10:51:01.699 [info] > git for-each-ref --sort -committerdate --format %(refname) %(objectname) %(*objectname) [1ms]
2023-10-23 10:51:01.705 [info] > git status -z -uall [18ms]
2023-10-23 10:51:02.299 [info] No remotes found in the git config file.
2023-10-23 10:51:02.309 [info] > git for-each-ref --format=%(refname)%00%(upstream:short)%00%(objectname)%00%(upstream:track)%00%(upstream:remotename)%00%(upstream:remoteref) refs/heads/master refs/remotes/master [10ms]
2023-10-23 10:51:02.310 [info] > git config --get commit.template [53ms]
2023-10-23 10:51:02.356 [info] > git for-each-ref --sort -committerdate --format %(refname) %(objectname) %(*objectname) [3ms]
2023-10-23 10:51:02.388 [info] > git status -z -uall [45ms]
2023-10-23 10:51:02.906 [info] > git check-ignore -v -z --stdin [5ms]
2023-10-23 10:51:02.959 [info] > git show --textconv :.ssh/id_rsa.pub [22ms]
2023-10-23 10:51:02.959 [info] > git ls-files --stage -- /home/s221516/.ssh/id_rsa.pub [12ms]
2023-10-23 10:51:06.393 [info] > git config --get commit.template [9ms]
2023-10-23 10:51:06.393 [info] No remotes found in the git config file.
2023-10-23 10:51:06.394 [info] > git for-each-ref --format=%(refname)%00%(upstream:short)%00%(objectname)%00%(upstream:track)%00%(upstream:remotename)%00%(upstream:remoteref) refs/heads/master refs/remotes/master [3ms]
2023-10-23 10:51:06.412 [info] > git for-each-ref --sort -committerdate --format %(refname) %(objectname) %(*objectname) [2ms]
2023-10-23 10:51:06.417 [info] > git status -z -uall [17ms]
2023-10-23 10:51:11.483 [info] No remotes found in the git config file.
2023-10-23 10:51:11.485 [info] > git config --get commit.template [10ms]
2023-10-23 10:51:11.485 [info] > git for-each-ref --format=%(refname)%00%(upstream:short)%00%(objectname)%00%(upstream:track)%00%(upstream:remotename)%00%(upstream:remoteref) refs/heads/master refs/remotes/master [3ms]
2023-10-23 10:51:11.505 [info] > git for-each-ref --sort -committerdate --format %(refname) %(objectname) %(*objectname) [2ms]
2023-10-23 10:51:11.511 [info] > git status -z -uall [18ms]
2023-10-23 10:51:12.221 [info] > git ls-files --stage -- /home/s221516/.ssh/id_rsa.pub [2ms]
2023-10-23 10:51:12.269 [info] > git show --textconv :.ssh/id_rsa.pub [2ms]
2023-10-23 10:51:16.577 [info] No remotes found in the git config file.
2023-10-23 10:51:16.578 [info] > git config --get commit.template [10ms]
2023-10-23 10:51:16.578 [info] > git for-each-ref --format=%(refname)%00%(upstream:short)%00%(objectname)%00%(upstream:track)%00%(upstream:remotename)%00%(upstream:remoteref) refs/heads/master refs/remotes/master [2ms]
2023-10-23 10:51:16.599 [info] > git for-each-ref --sort -committerdate --format %(refname) %(objectname) %(*objectname) [1ms]
2023-10-23 10:51:16.604 [info] > git status -z -uall [18ms]
2023-10-23 10:51:30.616 [info] > git config --get commit.template [2ms]
2023-10-23 10:51:30.628 [info] No remotes found in the git config file.
2023-10-23 10:51:30.629 [info] > git for-each-ref --format=%(refname)%00%(upstream:short)%00%(objectname)%00%(upstream:track)%00%(upstream:remotename)%00%(upstream:remoteref) refs/heads/master refs/remotes/master [2ms]
2023-10-23 10:51:30.664 [info] > git status -z -uall [25ms]
2023-10-23 10:51:30.668 [info] > git for-each-ref --sort -committerdate --format %(refname) %(objectname) %(*objectname) [11ms]
2023-10-23 10:51:37.659 [info] No remotes found in the git config file.
2023-10-23 10:51:37.661 [info] > git config --get commit.template [15ms]
2023-10-23 10:51:37.664 [info] > git for-each-ref --format=%(refname)%00%(upstream:short)%00%(objectname)%00%(upstream:track)%00%(upstream:remotename)%00%(upstream:remoteref) refs/heads/main refs/remotes/main [5ms]
2023-10-23 10:51:37.715 [info] > git status -z -uall [40ms]
2023-10-23 10:51:37.715 [info] > git for-each-ref --sort -committerdate --format %(refname) %(objectname) %(*objectname) [19ms]
2023-10-23 10:51:37.810 [info] > git ls-files --stage -- /home/s221516/.ssh/id_rsa.pub [1ms]
2023-10-23 10:51:38.139 [info] > git show --textconv :.ssh/id_rsa.pub [15ms]
2023-10-23 10:51:41.808 [info] > git ls-files --stage -- /home/s221516/.ssh/id_rsa.pub [1ms]
2023-10-23 10:51:41.853 [info] > git show --textconv :.ssh/id_rsa.pub [2ms]
2023-10-23 10:51:45.308 [info] > git config --get commit.template [10ms]
2023-10-23 10:51:45.309 [info] > git for-each-ref --format=%(refname)%00%(upstream:short)%00%(objectname)%00%(upstream:track)%00%(upstream:remotename)%00%(upstream:remoteref) refs/heads/main refs/remotes/main [2ms]
2023-10-23 10:51:45.330 [info] > git for-each-ref --sort -committerdate --format %(refname) %(objectname) %(*objectname) [2ms]
2023-10-23 10:51:45.334 [info] > git status -z -uall [17ms]
2023-10-23 10:51:50.408 [info] > git config --get commit.template [10ms]
2023-10-23 10:51:50.408 [info] > git for-each-ref --format=%(refname)%00%(upstream:short)%00%(objectname)%00%(upstream:track)%00%(upstream:remotename)%00%(upstream:remoteref) refs/heads/main refs/remotes/main [2ms]
2023-10-23 10:51:50.432 [info] > git for-each-ref --sort -committerdate --format %(refname) %(objectname) %(*objectname) [4ms]
2023-10-23 10:51:50.435 [info] > git status -z -uall [18ms]
2023-10-23 10:51:55.503 [info] > git config --get commit.template [10ms]
2023-10-23 10:51:55.504 [info] > git for-each-ref --format=%(refname)%00%(upstream:short)%00%(objectname)%00%(upstream:track)%00%(upstream:remotename)%00%(upstream:remoteref) refs/heads/main refs/remotes/main [1ms]
2023-10-23 10:51:55.526 [info] > git for-each-ref --sort -committerdate --format %(refname) %(objectname) %(*objectname) [2ms]
2023-10-23 10:51:55.528 [info] > git status -z -uall [17ms]
2023-10-23 10:52:00.575 [info] > git config --get commit.template [11ms]
2023-10-23 10:52:00.576 [info] > git for-each-ref --format=%(refname)%00%(upstream:short)%00%(objectname)%00%(upstream:track)%00%(upstream:remotename)%00%(upstream:remoteref) refs/heads/main refs/remotes/main [2ms]
2023-10-23 10:52:00.602 [info] > git for-each-ref --sort -committerdate --format %(refname) %(objectname) %(*objectname) [2ms]
2023-10-23 10:52:00.606 [info] > git status -z -uall [19ms]
2023-10-23 10:52:05.671 [info] > git config --get commit.template [10ms]
2023-10-23 10:52:05.672 [info] > git for-each-ref --format=%(refname)%00%(upstream:short)%00%(objectname)%00%(upstream:track)%00%(upstream:remotename)%00%(upstream:remoteref) refs/heads/main refs/remotes/main [2ms]
2023-10-23 10:52:05.698 [info] > git status -z -uall [18ms]
2023-10-23 10:52:05.698 [info] > git for-each-ref --sort -committerdate --format %(refname) %(objectname) %(*objectname) [3ms]
2023-10-23 10:52:11.171 [info] > git config --get commit.template [13ms]
2023-10-23 10:52:11.171 [info] > git for-each-ref --format=%(refname)%00%(upstream:short)%00%(objectname)%00%(upstream:track)%00%(upstream:remotename)%00%(upstream:remoteref) refs/heads/main refs/remotes/main [1ms]
2023-10-23 10:52:11.200 [info] > git status -z -uall [17ms]
2023-10-23 10:52:11.200 [info] > git for-each-ref --sort -committerdate --format %(refname) %(objectname) %(*objectname) [2ms]
2023-10-23 10:52:16.260 [info] > git config --get commit.template [17ms]
2023-10-23 10:52:16.260 [info] > git for-each-ref --format=%(refname)%00%(upstream:short)%00%(objectname)%00%(upstream:track)%00%(upstream:remotename)%00%(upstream:remoteref) refs/heads/main refs/remotes/main [2ms]
2023-10-23 10:52:16.294 [info] > git status -z -uall [19ms]
2023-10-23 10:52:16.294 [info] > git for-each-ref --sort -committerdate --format %(refname) %(objectname) %(*objectname) [3ms]
2023-10-23 10:52:21.371 [info] > git config --get commit.template [16ms]
2023-10-23 10:52:21.371 [info] > git for-each-ref --format=%(refname)%00%(upstream:short)%00%(objectname)%00%(upstream:track)%00%(upstream:remotename)%00%(upstream:remoteref) refs/heads/main refs/remotes/main [1ms]
2023-10-23 10:52:21.403 [info] > git for-each-ref --sort -committerdate --format %(refname) %(objectname) %(*objectname) [2ms]
2023-10-23 10:52:21.406 [info] > git status -z -uall [20ms]
