*
* Visual Studio Code Server
*
* By using the software, you agree to
* the Visual Studio Code Server License Terms (https://aka.ms/vscode-server-license) and
* the Microsoft Privacy Statement (https://privacy.microsoft.com/en-US/privacystatement).
*
Server bound to 127.0.0.1:46381 (IPv4)
Extension host agent listening on 46381

[10:24:02] 




[10:24:02] Extension host agent started.
[10:24:02] Started initializing default profile extensions in extensions installation folder. file:///home/s221516/.vscode-server/extensions
[10:24:02] Completed initializing default profile extensions in extensions installation folder. file:///home/s221516/.vscode-server/extensions
[10:24:03] [127.0.0.1][97af051b][ManagementConnection] New connection established.
[10:24:03] [127.0.0.1][4dd7fb15][ExtensionHostConnection] New connection established.
[10:24:03] [127.0.0.1][4dd7fb15][ExtensionHostConnection] <22559> Launched Extension Host Process.
[10:24:04] Error: read ECONNRESET
    at TLSWrap.onStreamRead (node:internal/stream_base_commons:217:20) {
  errno: -104,
  code: 'ECONNRESET',
  syscall: 'read'
}
[IPC Library: Pty Host]  WARN Shell integration cannot be enabled for executable "/bin/sh" and args [
  '-c',
  'wget --version > /dev/null\n' +
    'if [ $? -eq 0 ]\n' +
    'then\n' +
    "\twget --connect-timeout=7 --tries=1 --dns-timeout=7 -q --header='Metadata:true' -O - http://169.254.169.254/metadata/instance?api-version=2019-03-11\n" +
    'else\n' +
    '\tcurl --version > /dev/null\n' +
    '\tif [ $? -eq 0 ]\n' +
    '\tthen\n' +
    "\t\tcurl --connect-timeout 7 -s --header='Metadata:true' http://169.254.169.254/metadata/instance?api-version=2019-03-11\n" +
    '\tfi\n' +
    'fi\n' +
    'exit 0'
]
[IPC Library: Pty Host]  WARN Shell integration cannot be enabled for executable "/bin/sh" and args [
  '-c',
  'wget --version > /dev/null\n' +
    'if [ $? -eq 0 ]\n' +
    'then\n' +
    '\twget --connect-timeout=7 --tries=1 --dns-timeout=7 -q  -O - http://169.254.169.254/latest/meta-data/instance-id\n' +
    'else\n' +
    '\tcurl --version > /dev/null\n' +
    '\tif [ $? -eq 0 ]\n' +
    '\tthen\n' +
    '\t\tcurl --connect-timeout 7 -s  http://169.254.169.254/latest/meta-data/instance-id\n' +
    '\tfi\n' +
    'fi\n' +
    'exit 0'
]
[IPC Library: Pty Host]  WARN Shell integration cannot be enabled for executable "/bin/sh" and args [
  '-c',
  'wget --version > /dev/null\n' +
    'if [ $? -eq 0 ]\n' +
    'then\n' +
    '\twget --connect-timeout=7 --tries=1 --dns-timeout=7 -q  -O - http://169.254.169.254/metadata/v1/id\n' +
    'else\n' +
    '\tcurl --version > /dev/null\n' +
    '\tif [ $? -eq 0 ]\n' +
    '\tthen\n' +
    '\t\tcurl --connect-timeout 7 -s  http://169.254.169.254/metadata/v1/id\n' +
    '\tfi\n' +
    'fi\n' +
    'exit 0'
]
[IPC Library: Pty Host]  WARN Shell integration cannot be enabled for executable "/bin/sh" and args [
  '-c',
  'wget --version > /dev/null\n' +
    'if [ $? -eq 0 ]\n' +
    'then\n' +
    "\twget --connect-timeout=7 --tries=1 --dns-timeout=7 -q --header='Metadata-Flavor:Google' -O - http://metadata.google.internal/computeMetadata/v1/instance/id\n" +
    'else\n' +
    '\tcurl --version > /dev/null\n' +
    '\tif [ $? -eq 0 ]\n' +
    '\tthen\n' +
    "\t\tcurl --connect-timeout 7 -s --header='Metadata-Flavor:Google' http://metadata.google.internal/computeMetadata/v1/instance/id\n" +
    '\tfi\n' +
    'fi\n' +
    'exit 0'
]
[10:24:32] [127.0.0.1][97af051b][ManagementConnection] The client has disconnected gracefully, so the connection will be disposed.
[10:24:32] [127.0.0.1][4dd7fb15][ExtensionHostConnection] <22559> Extension Host Process exited with code: 0, signal: null.
Cancelling previous shutdown timeout
[10:24:32] Cancelling previous shutdown timeout
Last EH closed, waiting before shutting down
[10:24:32] Last EH closed, waiting before shutting down
Got delay-shutdown request while in shutdown timeout, delaying
[10:24:48] Got delay-shutdown request while in shutdown timeout, delaying
Cancelling previous shutdown timeout
[10:24:48] Cancelling previous shutdown timeout
[10:24:48] [127.0.0.1][3759d4f3][ManagementConnection] New connection established.
[10:24:49] [127.0.0.1][15e6973d][ExtensionHostConnection] New connection established.
[10:24:49] [127.0.0.1][15e6973d][ExtensionHostConnection] <24102> Launched Extension Host Process.
rejected promise not handled within 1 second: CodeExpectedError: Could not find pty on pty host
stack trace: CodeExpectedError: Could not find pty on pty host
    at S.L (/home/s221516/.vscode-server/bin/441438abd1ac652551dbe4d408dfcec8a499b8bf/out/vs/platform/terminal/node/ptyHostMain.js:27:6839)
    at S.updateTitle (/home/s221516/.vscode-server/bin/441438abd1ac652551dbe4d408dfcec8a499b8bf/out/vs/platform/terminal/node/ptyHostMain.js:27:2630)
    at Object.call (/home/s221516/.vscode-server/bin/441438abd1ac652551dbe4d408dfcec8a499b8bf/out/vs/platform/terminal/node/ptyHostMain.js:17:5043)
    at r.s (/home/s221516/.vscode-server/bin/441438abd1ac652551dbe4d408dfcec8a499b8bf/out/vs/platform/terminal/node/ptyHostMain.js:15:5412)
    at r.q (/home/s221516/.vscode-server/bin/441438abd1ac652551dbe4d408dfcec8a499b8bf/out/vs/platform/terminal/node/ptyHostMain.js:15:4915)
    at /home/s221516/.vscode-server/bin/441438abd1ac652551dbe4d408dfcec8a499b8bf/out/vs/platform/terminal/node/ptyHostMain.js:15:4326
    at invoke (/home/s221516/.vscode-server/bin/441438abd1ac652551dbe4d408dfcec8a499b8bf/out/vs/platform/terminal/node/ptyHostMain.js:11:145)
    at E.deliver (/home/s221516/.vscode-server/bin/441438abd1ac652551dbe4d408dfcec8a499b8bf/out/vs/platform/terminal/node/ptyHostMain.js:11:2033)
    at c.fire (/home/s221516/.vscode-server/bin/441438abd1ac652551dbe4d408dfcec8a499b8bf/out/vs/platform/terminal/node/ptyHostMain.js:11:1671)
    at process.F (/home/s221516/.vscode-server/bin/441438abd1ac652551dbe4d408dfcec8a499b8bf/out/vs/platform/terminal/node/ptyHostMain.js:9:20881)
    at process.emit (node:events:526:28)
    at emit (node:internal/child_process:938:14)
    at processTicksAndRejections (node:internal/process/task_queues:84:21)
[10:24:51] Error [CodeExpectedError]: Could not find pty on pty host
    at S.L (/home/s221516/.vscode-server/bin/441438abd1ac652551dbe4d408dfcec8a499b8bf/out/vs/platform/terminal/node/ptyHostMain.js:27:6839)
    at S.updateTitle (/home/s221516/.vscode-server/bin/441438abd1ac652551dbe4d408dfcec8a499b8bf/out/vs/platform/terminal/node/ptyHostMain.js:27:2630)
    at Object.call (/home/s221516/.vscode-server/bin/441438abd1ac652551dbe4d408dfcec8a499b8bf/out/vs/platform/terminal/node/ptyHostMain.js:17:5043)
    at r.s (/home/s221516/.vscode-server/bin/441438abd1ac652551dbe4d408dfcec8a499b8bf/out/vs/platform/terminal/node/ptyHostMain.js:15:5412)
    at r.q (/home/s221516/.vscode-server/bin/441438abd1ac652551dbe4d408dfcec8a499b8bf/out/vs/platform/terminal/node/ptyHostMain.js:15:4915)
    at /home/s221516/.vscode-server/bin/441438abd1ac652551dbe4d408dfcec8a499b8bf/out/vs/platform/terminal/node/ptyHostMain.js:15:4326
    at invoke (/home/s221516/.vscode-server/bin/441438abd1ac652551dbe4d408dfcec8a499b8bf/out/vs/platform/terminal/node/ptyHostMain.js:11:145)
    at E.deliver (/home/s221516/.vscode-server/bin/441438abd1ac652551dbe4d408dfcec8a499b8bf/out/vs/platform/terminal/node/ptyHostMain.js:11:2033)
    at c.fire (/home/s221516/.vscode-server/bin/441438abd1ac652551dbe4d408dfcec8a499b8bf/out/vs/platform/terminal/node/ptyHostMain.js:11:1671)
    at process.F (/home/s221516/.vscode-server/bin/441438abd1ac652551dbe4d408dfcec8a499b8bf/out/vs/platform/terminal/node/ptyHostMain.js:9:20881)
    at process.emit (node:events:526:28)
    at emit (node:internal/child_process:938:14)
    at processTicksAndRejections (node:internal/process/task_queues:84:21)
[IPC Library: Pty Host]  WARN Shell integration cannot be enabled for executable "/bin/sh" and args [
  '-c',
  'wget --version > /dev/null\n' +
    'if [ $? -eq 0 ]\n' +
    'then\n' +
    "\twget --connect-timeout=7 --tries=1 --dns-timeout=7 -q --header='Metadata:true' -O - http://169.254.169.254/metadata/instance?api-version=2019-03-11\n" +
    'else\n' +
    '\tcurl --version > /dev/null\n' +
    '\tif [ $? -eq 0 ]\n' +
    '\tthen\n' +
    "\t\tcurl --connect-timeout 7 -s --header='Metadata:true' http://169.254.169.254/metadata/instance?api-version=2019-03-11\n" +
    '\tfi\n' +
    'fi\n' +
    'exit 0'
]
[IPC Library: Pty Host]  WARN Shell integration cannot be enabled for executable "/bin/sh" and args [
  '-c',
  'wget --version > /dev/null\n' +
    'if [ $? -eq 0 ]\n' +
    'then\n' +
    '\twget --connect-timeout=7 --tries=1 --dns-timeout=7 -q  -O - http://169.254.169.254/latest/meta-data/instance-id\n' +
    'else\n' +
    '\tcurl --version > /dev/null\n' +
    '\tif [ $? -eq 0 ]\n' +
    '\tthen\n' +
    '\t\tcurl --connect-timeout 7 -s  http://169.254.169.254/latest/meta-data/instance-id\n' +
    '\tfi\n' +
    'fi\n' +
    'exit 0'
]
[IPC Library: Pty Host]  WARN Shell integration cannot be enabled for executable "/bin/sh" and args [
  '-c',
  'wget --version > /dev/null\n' +
    'if [ $? -eq 0 ]\n' +
    'then\n' +
    '\twget --connect-timeout=7 --tries=1 --dns-timeout=7 -q  -O - http://169.254.169.254/metadata/v1/id\n' +
    'else\n' +
    '\tcurl --version > /dev/null\n' +
    '\tif [ $? -eq 0 ]\n' +
    '\tthen\n' +
    '\t\tcurl --connect-timeout 7 -s  http://169.254.169.254/metadata/v1/id\n' +
    '\tfi\n' +
    'fi\n' +
    'exit 0'
]
[IPC Library: Pty Host]  WARN Shell integration cannot be enabled for executable "/bin/sh" and args [
  '-c',
  'wget --version > /dev/null\n' +
    'if [ $? -eq 0 ]\n' +
    'then\n' +
    "\twget --connect-timeout=7 --tries=1 --dns-timeout=7 -q --header='Metadata-Flavor:Google' -O - http://metadata.google.internal/computeMetadata/v1/instance/id\n" +
    'else\n' +
    '\tcurl --version > /dev/null\n' +
    '\tif [ $? -eq 0 ]\n' +
    '\tthen\n' +
    "\t\tcurl --connect-timeout 7 -s --header='Metadata-Flavor:Google' http://metadata.google.internal/computeMetadata/v1/instance/id\n" +
    '\tfi\n' +
    'fi\n' +
    'exit 0'
]
New EH opened, aborting shutdown
[10:29:48] New EH opened, aborting shutdown
